<?xml version="1.0" encoding="UTF-8"?>
<testsuite name="br.com.codenation.BillingProcessorSubmitTest" tests="4" skipped="0" failures="0" errors="0" timestamp="2020-08-06T18:21:58" hostname="DESKTOP-H7BVU77" time="0.54">
  <properties/>
  <testcase name="testCashPayment" classname="br.com.codenation.BillingProcessorSubmitTest" time="0.452"/>
  <testcase name="testTransferPayment" classname="br.com.codenation.BillingProcessorSubmitTest" time="0.023"/>
  <testcase name="testDebitCardPayment" classname="br.com.codenation.BillingProcessorSubmitTest" time="0.021"/>
  <testcase name="testCreditCardPayment" classname="br.com.codenation.BillingProcessorSubmitTest" time="0.042"/>
  <system-out><![CDATA[]]></system-out>
  <system-err><![CDATA[]]></system-err>
</testsuite>
